<?xml version="1.0" encoding="UTF-8"?>
<!-- Generated by org.testng.reporters.JUnitReportReporter -->
<testsuite hostname="DESKTOP-938S425" failures="0" tests="5" name="com.salesforce.test.LoginTest" time="21.243" errors="0" timestamp="2024-12-13T13:39:05 EST" skipped="0">
  <testcase classname="com.salesforce.test.LoginTest" name="loginFailed" time="3.132"/>
  <system-out/>
  <testcase classname="com.salesforce.test.LoginTest" name="rememberMeFunctionality" time="9.659"/>
  <system-out/>
  <testcase classname="com.salesforce.test.LoginTest" name="successLogin" time="3.493"/>
  <system-out/>
  <testcase classname="com.salesforce.test.LoginTest" name="checkForgotPasswordFunctionality" time="2.816"/>
  <system-out/>
  <testcase classname="com.salesforce.test.LoginTest" name="passwordEmpty" time="2.143"/>
  <system-out/>
</testsuite> <!-- com.salesforce.test.LoginTest -->
