<?xml version="1.0" encoding="UTF-8"?>
<!-- Generated by org.testng.reporters.JUnitReportReporter -->
<testsuite hostname="DESKTOP-938S425" failures="0" tests="1" name="com.salesforce.test.HomeTest" time="5.134" errors="0" timestamp="2024-12-13T13:39:05 EST" skipped="0">
  <testcase classname="com.salesforce.test.HomeTest" name="validateMyProfile" time="5.134"/>
  <system-out/>
</testsuite> <!-- com.salesforce.test.HomeTest -->
