<?xml version="1.0" encoding="UTF-8"?>
<!-- Generated by org.testng.reporters.JUnitReportReporter -->
<testsuite hostname="DESKTOP-938S425" failures="0" tests="5" name="com.salesforce.test.LoginTest" time="21.572" errors="0" timestamp="15 Dec 2024 17:02:26 GMT">
  <testcase classname="com.salesforce.test.LoginTest" name="rememberMeFunctionality" time="7.136"/>
  <testcase classname="com.salesforce.test.LoginTest" name="checkForgotPasswordFunctionality" time="2.638"/>
  <testcase classname="com.salesforce.test.LoginTest" name="successLogin" time="6.014"/>
  <testcase classname="com.salesforce.test.LoginTest" name="passwordEmpty" time="2.514"/>
  <testcase classname="com.salesforce.test.LoginTest" name="loginFailed" time="3.270"/>
</testsuite> <!-- com.salesforce.test.LoginTest -->
