<?xml version="1.0" encoding="UTF-8"?>
<!-- Generated by org.testng.reporters.JUnitReportReporter -->
<testsuite hostname="DESKTOP-938S425" failures="0" tests="1" name="com.salesforce.test.HomeTest" time="8.284" errors="0" timestamp="15 Dec 2024 17:02:26 GMT">
  <testcase classname="com.salesforce.test.HomeTest" name="validateMyProfile" time="8.284"/>
</testsuite> <!-- com.salesforce.test.HomeTest -->
